<?xml version="1.0" encoding="UTF-8"?>
<coverage generated="1774701582388" clover="3.2.0">
  <project timestamp="1774701582388" name="All files">
    <metrics statements="2" coveredstatements="2" conditionals="0" coveredconditionals="0" methods="1" coveredmethods="1" elements="3" coveredelements="3" complexity="0" loc="2" ncloc="2" packages="1" files="1" classes="1"/>
    <file name="Sum.js" path="C:\Users\Panch\OneDrive\Desktop\13-06-2025react\13-06-2025-React\src\components\Sum.js">
      <metrics statements="2" coveredstatements="2" conditionals="0" coveredconditionals="0" methods="1" coveredmethods="1"/>
      <line num="2" count="1" type="stmt"/>
      <line num="3" count="1" type="stmt"/>
    </file>
  </project>
</coverage>
